<?xml version="1.0" encoding="windows-1251" standalone="no"?>
<!DOCTYPE log SYSTEM "logger.dtd">
<log>
<record>
  <date>2015-12-02T18:37:38</date>
  <millis>1449070658471</millis>
  <sequence>0</sequence>
  <logger>jMetal</logger>
  <level>INFO</level>
  <class>itmo.escience.simenv.algorithms.ga.GAScheduler</class>
  <method>schedule</method>
  <thread>1</thread>
  <message>Total execution time: 80ms</message>
</record>
<record>
  <date>2015-12-02T18:37:38</date>
  <millis>1449070658574</millis>
  <sequence>1</sequence>
  <logger>jMetal</logger>
  <level>INFO</level>
  <class>itmo.escience.simenv.algorithms.ga.GAScheduler</class>
  <method>schedule</method>
  <thread>1</thread>
  <message>Total execution time: 90ms</message>
</record>
<record>
  <date>2015-12-02T18:37:38</date>
  <millis>1449070658849</millis>
  <sequence>2</sequence>
  <logger>jMetal</logger>
  <level>INFO</level>
  <class>itmo.escience.simenv.algorithms.ga.GAScheduler</class>
  <method>schedule</method>
  <thread>1</thread>
  <message>Total execution time: 263ms</message>
</record>
<record>
  <date>2015-12-02T18:37:39</date>
  <millis>1449070659236</millis>
  <sequence>3</sequence>
  <logger>jMetal</logger>
  <level>INFO</level>
  <class>itmo.escience.simenv.algorithms.ga.GAScheduler</class>
  <method>schedule</method>
  <thread>1</thread>
  <message>Total execution time: 289ms</message>
</record>
<record>
  <date>2015-12-02T18:37:39</date>
  <millis>1449070659546</millis>
  <sequence>4</sequence>
  <logger>jMetal</logger>
  <level>INFO</level>
  <class>itmo.escience.simenv.algorithms.ga.GAScheduler</class>
  <method>schedule</method>
  <thread>1</thread>
  <message>Total execution time: 45ms</message>
</record>
<record>
  <date>2015-12-02T18:37:39</date>
  <millis>1449070659612</millis>
  <sequence>5</sequence>
  <logger>jMetal</logger>
  <level>INFO</level>
  <class>itmo.escience.simenv.algorithms.ga.GAScheduler</class>
  <method>schedule</method>
  <thread>1</thread>
  <message>Total execution time: 65ms</message>
</record>
<record>
  <date>2015-12-02T18:37:39</date>
  <millis>1449070659761</millis>
  <sequence>6</sequence>
  <logger>jMetal</logger>
  <level>INFO</level>
  <class>itmo.escience.simenv.algorithms.ga.GAScheduler</class>
  <method>schedule</method>
  <thread>1</thread>
  <message>Total execution time: 145ms</message>
</record>
<record>
  <date>2015-12-02T18:37:39</date>
  <millis>1449070659971</millis>
  <sequence>7</sequence>
  <logger>jMetal</logger>
  <level>INFO</level>
  <class>itmo.escience.simenv.algorithms.ga.GAScheduler</class>
  <method>schedule</method>
  <thread>1</thread>
  <message>Total execution time: 196ms</message>
</record>
<record>
  <date>2015-12-02T18:37:40</date>
  <millis>1449070660048</millis>
  <sequence>8</sequence>
  <logger>jMetal</logger>
  <level>INFO</level>
  <class>itmo.escience.simenv.algorithms.ga.GAScheduler</class>
  <method>schedule</method>
  <thread>1</thread>
  <message>Total execution time: 57ms</message>
</record>
<record>
  <date>2015-12-02T18:37:40</date>
  <millis>1449070660122</millis>
  <sequence>9</sequence>
  <logger>jMetal</logger>
  <level>INFO</level>
  <class>itmo.escience.simenv.algorithms.ga.GAScheduler</class>
  <method>schedule</method>
  <thread>1</thread>
  <message>Total execution time: 69ms</message>
</record>
<record>
  <date>2015-12-02T18:37:40</date>
  <millis>1449070660212</millis>
  <sequence>10</sequence>
  <logger>jMetal</logger>
  <level>INFO</level>
  <class>itmo.escience.simenv.algorithms.ga.GAScheduler</class>
  <method>schedule</method>
  <thread>1</thread>
  <message>Total execution time: 81ms</message>
</record>
<record>
  <date>2015-12-02T18:37:40</date>
  <millis>1449070660380</millis>
  <sequence>11</sequence>
  <logger>jMetal</logger>
  <level>INFO</level>
  <class>itmo.escience.simenv.algorithms.ga.GAScheduler</class>
  <method>schedule</method>
  <thread>1</thread>
  <message>Total execution time: 151ms</message>
</record>
</log>
